Jun  6 19:41:05 node12 mtp-probe: checking bus 5, device 47: "/sys/devices/pci0000:00/0000:00:10.4/usb5/5-6"
Jun  6 19:41:05 node12 mtp-probe: bus: 5, device: 47 was not an MTP device
Jun  6 19:41:06 node12 kernel: [359601.569628] scsi 32:0:0:0: Direct-Access     JetFlash Transcend 4GB    8.07 PQ: 0 ANSI: 4
Jun  6 19:41:06 node12 kernel: [359601.571557] sd 32:0:0:0: Attached scsi generic sg2 type 0
Jun  6 19:41:06 node12 kernel: [359601.572761] sd 32:0:0:0: [sdb] 7626752 512-byte logical blocks: (3.90 GB/3.63 GiB)
Jun  6 19:41:06 node12 kernel: [359601.573876] sd 32:0:0:0: [sdb] Write Protect is off
Jun  6 19:41:06 node12 kernel: [359601.575000] sd 32:0:0:0: [sdb] Write cache: disabled, read cache: enabled, doesn't support DPO or FUA
Jun  6 19:41:06 node12 kernel: [359601.580880]  sdb: sdb1 < sdb5 >
Jun  6 19:41:06 node12 kernel: [359601.585117] sd 32:0:0:0: [sdb] Attached SCSI removable disk
Jun  6 19:41:13 node12 kernel: [359609.358816] usb 5-6: USB disconnect, device number 47
Jun  6 19:41:05 node12 mtp-probe: checking bus 5, device 47: "/sys/devices/pci0000:00/0000:00:10.4/usb5/5-6"
Jun  6 19:41:05 node12 mtp-probe: bus: 5, device: 47 was not an MTP device
Jun  6 19:41:06 node12 kernel: [359601.569628] scsi 32:0:0:0: Direct-Access     JetFlash Transcend 4GB    8.07 PQ: 0 ANSI: 4
Jun  6 19:41:06 node12 kernel: [359601.571557] sd 32:0:0:0: Attached scsi generic sg2 type 0
Jun  6 19:41:06 node12 kernel: [359601.572761] sd 32:0:0:0: [sdb] 7626752 512-byte logical blocks: (3.90 GB/3.63 GiB)
Jun  6 19:41:06 node12 kernel: [359601.573876] sd 32:0:0:0: [sdb] Write Protect is off
Jun  6 19:41:06 node12 kernel: [359601.575000] sd 32:0:0:0: [sdb] Write cache: disabled, read cache: enabled, doesn't support DPO or FUA
Jun  6 19:41:06 node12 kernel: [359601.580880]  sdb: sdb1 < sdb5 >
Jun  6 19:41:06 node12 kernel: [359601.585117] sd 32:0:0:0: [sdb] Attached SCSI removable disk
Jun  6 19:41:13 node12 kernel: [359609.358816] usb 5-6: USB disconnect, device number 47
Jun  6 19:41:05 node12 mtp-probe: checking bus 5, device 47: "/sys/devices/pci0000:00/0000:00:10.4/usb5/5-6"
Jun  6 19:41:05 node12 mtp-probe: bus: 5, device: 47 was not an MTP device
Jun  6 19:41:06 node12 kernel: [359601.569628] scsi 32:0:0:0: Direct-Access     JetFlash Transcend 4GB    8.07 PQ: 0 ANSI: 4
Jun  6 19:41:06 node12 kernel: [359601.571557] sd 32:0:0:0: Attached scsi generic sg2 type 0
Jun  6 19:41:06 node12 kernel: [359601.572761] sd 32:0:0:0: [sdb] 7626752 512-byte logical blocks: (3.90 GB/3.63 GiB)
Jun  6 19:41:06 node12 kernel: [359601.573876] sd 32:0:0:0: [sdb] Write Protect is off
Jun  6 19:41:06 node12 kernel: [359601.575000] sd 32:0:0:0: [sdb] Write cache: disabled, read cache: enabled, doesn't support DPO or FUA
Jun  6 19:41:06 node12 kernel: [359601.580880]  sdb: sdb1 < sdb5 >
Jun  6 19:41:06 node12 kernel: [359601.585117] sd 32:0:0:0: [sdb] Attached SCSI removable disk
Jun  6 19:41:13 node12 kernel: [359609.358816] usb 5-6: USB disconnect, device number 47
Jun  6 19:47:12 node12 sudo: pam_unix(sudo:session): session opened for user root by user(uid=0)
Jun  6 19:47:16 node12 sudo: pam_unix(sudo:session): session closed for user root
Jun  6 19:47:25 node12 sudo:     user : TTY=pts/4 ; PWD=/home/user/scripts ; USER=root ; COMMAND=/usr/bin/tail -f /var/log/messages
Jun  6 19:47:25 node12 sudo: pam_unix(sudo:session): session opened for user root by user(uid=0)
Jun  6 19:47:54 node12 sudo: pam_unix(sudo:session): session closed for user root
Jun  6 19:47:54 node12 sudo: pam_unix(sudo:session): session closed for user root
Jun  6 19:47:59 node12 sudo:     user : TTY=pts/4 ; PWD=/home/user/scripts ; USER=root ; COMMAND=/usr/bin/tail -f /var/log/messages
Jun  6 19:47:59 node12 sudo: pam_unix(sudo:session): session opened for user root by user(uid=0)
Jun  6 19:48:20 node12 sudo:     user : TTY=pts/4 ; PWD=/home/user/scripts ; USER=root ; COMMAND=/usr/bin/tail -f /var/log/auth.log
Jun  6 19:48:20 node12 sudo: pam_unix(sudo:session): session opened for user root by user(uid=0)
Jun  6 19:49:50 node12 sudo:     user : TTY=pts/4 ; PWD=/home/user/scripts ; USER=root ; COMMAND=/usr/bin/tail -f /var/log/auth.log
Jun  6 19:49:50 node12 sudo: pam_unix(sudo:session): session opened for user root by user(uid=0)
Jun  6 19:47:25 node12 sudo:     user : TTY=pts/4 ; PWD=/home/user/scripts ; USER=root ; COMMAND=/usr/bin/tail -f /var/log/messages
Jun  6 19:47:25 node12 sudo: pam_unix(sudo:session): session opened for user root by user(uid=0)
Jun  6 19:47:54 node12 sudo: pam_unix(sudo:session): session closed for user root
Jun  6 19:47:54 node12 sudo: pam_unix(sudo:session): session closed for user root
Jun  6 19:47:59 node12 sudo:     user : TTY=pts/4 ; PWD=/home/user/scripts ; USER=root ; COMMAND=/usr/bin/tail -f /var/log/messages
Jun  6 19:47:59 node12 sudo: pam_unix(sudo:session): session opened for user root by user(uid=0)
Jun  6 19:48:20 node12 sudo:     user : TTY=pts/4 ; PWD=/home/user/scripts ; USER=root ; COMMAND=/usr/bin/tail -f /var/log/auth.log
Jun  6 19:48:20 node12 sudo: pam_unix(sudo:session): session opened for user root by user(uid=0)
Jun  6 19:49:50 node12 sudo:     user : TTY=pts/4 ; PWD=/home/user/scripts ; USER=root ; COMMAND=/usr/bin/tail -f /var/log/auth.log
Jun  6 19:49:50 node12 sudo: pam_unix(sudo:session): session opened for user root by user(uid=0)
Jun  6 19:49:52 node12 sudo: pam_unix(sudo:session): session closed for user root
Jun  6 19:50:02 node12 sudo:     user : TTY=pts/4 ; PWD=/home/user/scripts ; USER=root ; COMMAND=/usr/bin/tail -f /var/log/auth.log
Jun  6 19:50:02 node12 sudo: pam_unix(sudo:session): session opened for user root by user(uid=0)
Jun  6 19:51:39 node12 sudo:     user : TTY=pts/4 ; PWD=/home/user/scripts ; USER=root ; COMMAND=/usr/bin/tail -f /var/log/messages
Jun  6 19:51:39 node12 sudo: pam_unix(sudo:session): session opened for user root by user(uid=0)
Jun  6 19:51:46 node12 sudo:     user : TTY=pts/4 ; PWD=/home/user/scripts ; USER=root ; COMMAND=/bin/su
Jun  6 19:51:46 node12 sudo: pam_unix(sudo:session): session opened for user root by user(uid=0)
Jun  6 19:51:46 node12 su[3682]: Successful su for root by root
Jun  6 19:51:46 node12 su[3682]: + /dev/pts/4 root:root
Jun  6 19:51:46 node12 su[3682]: pam_unix(su:session): session opened for user root by user(uid=0)
Jun  6 19:51:51 node12 su[3682]: pam_unix(su:session): session closed for user root
Jun  6 19:51:51 node12 sudo: pam_unix(sudo:session): session closed for user root
Jun  6 19:52:01 node12 kernel: [360256.976026] usb 5-5: new high-speed USB device number 48 using ehci-pci
Jun  6 19:52:01 node12 kernel: [360256.976026] usb 5-5: new high-speed USB device number 48 using ehci-pci
Jun  6 19:52:01 node12 kernel: [360257.180046] usb 5-5: New USB device found, idVendor=8564, idProduct=1000
Jun  6 19:52:01 node12 kernel: [360257.180050] usb 5-5: New USB device strings: Mfr=1, Product=2, SerialNumber=3
Jun  6 19:52:01 node12 kernel: [360257.180053] usb 5-5: Product: Mass Storage Device
Jun  6 19:52:01 node12 kernel: [360257.180055] usb 5-5: Manufacturer: JetFlash
Jun  6 19:52:01 node12 kernel: [360257.180057] usb 5-5: SerialNumber: ICJ8NXLF
Jun  6 19:52:01 node12 kernel: [360257.180343] usb-storage 5-5:1.0: USB Mass Storage device detected
Jun  6 19:52:01 node12 kernel: [360257.181382] scsi host33: usb-storage 5-5:1.0
Jun  6 19:52:01 node12 kernel: [360257.180046] usb 5-5: New USB device found, idVendor=8564, idProduct=1000
Jun  6 19:52:01 node12 kernel: [360257.180050] usb 5-5: New USB device strings: Mfr=1, Product=2, SerialNumber=3
Jun  6 19:52:01 node12 kernel: [360257.180053] usb 5-5: Product: Mass Storage Device
Jun  6 19:52:01 node12 kernel: [360257.180055] usb 5-5: Manufacturer: JetFlash
Jun  6 19:52:01 node12 kernel: [360257.180057] usb 5-5: SerialNumber: ICJ8NXLF
Jun  6 19:52:01 node12 kernel: [360257.180343] usb-storage 5-5:1.0: USB Mass Storage device detected
Jun  6 19:52:01 node12 kernel: [360257.181382] scsi host33: usb-storage 5-5:1.0
Jun  6 19:52:01 node12 mtp-probe: checking bus 5, device 48: "/sys/devices/pci0000:00/0000:00:10.4/usb5/5-5"
Jun  6 19:52:01 node12 mtp-probe: checking bus 5, device 48: "/sys/devices/pci0000:00/0000:00:10.4/usb5/5-5"
Jun  6 19:52:01 node12 mtp-probe: bus: 5, device: 48 was not an MTP device
Jun  6 19:52:01 node12 mtp-probe: bus: 5, device: 48 was not an MTP device
Jun  6 19:52:02 node12 kernel: [360258.181951] scsi 33:0:0:0: Direct-Access     JetFlash Transcend 8GB    8.07 PQ: 0 ANSI: 2
Jun  6 19:52:02 node12 kernel: [360258.183873] sd 33:0:0:0: Attached scsi generic sg2 type 0
Jun  6 19:52:02 node12 kernel: [360258.181951] scsi 33:0:0:0: Direct-Access     JetFlash Transcend 8GB    8.07 PQ: 0 ANSI: 2
Jun  6 19:52:02 node12 kernel: [360258.183873] sd 33:0:0:0: Attached scsi generic sg2 type 0
Jun  6 19:52:02 node12 kernel: [360258.186312] sd 33:0:0:0: [sdb] 15704064 512-byte logical blocks: (8.04 GB/7.48 GiB)
Jun  6 19:52:02 node12 kernel: [360258.186932] sd 33:0:0:0: [sdb] Write Protect is off
Jun  6 19:52:02 node12 kernel: [360258.186312] sd 33:0:0:0: [sdb] 15704064 512-byte logical blocks: (8.04 GB/7.48 GiB)
Jun  6 19:52:02 node12 kernel: [360258.186932] sd 33:0:0:0: [sdb] Write Protect is off
Jun  6 19:52:02 node12 kernel: [360258.383524]  sdb: sdb1
Jun  6 19:52:02 node12 kernel: [360258.383524]  sdb: sdb1
Jun  6 19:52:03 node12 kernel: [360258.704396] sd 33:0:0:0: [sdb] Attached SCSI removable disk
Jun  6 19:52:03 node12 kernel: [360258.704396] sd 33:0:0:0: [sdb] Attached SCSI removable disk
Jun  6 20:16:33 node12 kernel: [361728.936043] usb 5-6: new high-speed USB device number 49 using ehci-pci
Jun  6 20:16:33 node12 kernel: [361728.936043] usb 5-6: new high-speed USB device number 49 using ehci-pci
Jun  6 20:16:33 node12 kernel: [361729.222957] usb 5-6: New USB device found, idVendor=8564, idProduct=1000
Jun  6 20:16:33 node12 kernel: [361729.222964] usb 5-6: New USB device strings: Mfr=1, Product=2, SerialNumber=3
Jun  6 20:16:33 node12 kernel: [361729.222957] usb 5-6: New USB device found, idVendor=8564, idProduct=1000
Jun  6 20:16:33 node12 kernel: [361729.222964] usb 5-6: New USB device strings: Mfr=1, Product=2, SerialNumber=3
Jun  6 20:16:33 node12 kernel: [361729.222968] usb 5-6: Product: Mass Storage Device
Jun  6 20:16:33 node12 kernel: [361729.222971] usb 5-6: Manufacturer: JetFlash
Jun  6 20:16:33 node12 kernel: [361729.222975] usb 5-6: SerialNumber: VILZQ275
Jun  6 20:16:33 node12 kernel: [361729.223383] usb-storage 5-6:1.0: USB Mass Storage device detected
Jun  6 20:16:33 node12 kernel: [361729.223494] scsi host34: usb-storage 5-6:1.0
Jun  6 20:16:33 node12 kernel: [361729.222968] usb 5-6: Product: Mass Storage Device
Jun  6 20:16:33 node12 kernel: [361729.222971] usb 5-6: Manufacturer: JetFlash
Jun  6 20:16:33 node12 kernel: [361729.222975] usb 5-6: SerialNumber: VILZQ275
Jun  6 20:16:33 node12 kernel: [361729.223383] usb-storage 5-6:1.0: USB Mass Storage device detected
Jun  6 20:16:33 node12 kernel: [361729.223494] scsi host34: usb-storage 5-6:1.0
Jun  6 20:16:33 node12 mtp-probe: checking bus 5, device 49: "/sys/devices/pci0000:00/0000:00:10.4/usb5/5-6"
Jun  6 20:16:33 node12 mtp-probe: checking bus 5, device 49: "/sys/devices/pci0000:00/0000:00:10.4/usb5/5-6"
Jun  6 20:16:33 node12 mtp-probe: bus: 5, device: 49 was not an MTP device
Jun  6 20:16:33 node12 mtp-probe: bus: 5, device: 49 was not an MTP device
Jun  6 20:16:34 node12 kernel: [361730.221862] scsi 34:0:0:0: Direct-Access     JetFlash Transcend 4GB    8.07 PQ: 0 ANSI: 4
Jun  6 20:16:34 node12 kernel: [361730.223031] sd 34:0:0:0: Attached scsi generic sg7 type 0
Jun  6 20:16:34 node12 kernel: [361730.221862] scsi 34:0:0:0: Direct-Access     JetFlash Transcend 4GB    8.07 PQ: 0 ANSI: 4
Jun  6 20:16:34 node12 kernel: [361730.223031] sd 34:0:0:0: Attached scsi generic sg7 type 0
Jun  6 20:16:34 node12 kernel: [361730.228470] sd 34:0:0:0: [sdg] 7626752 512-byte logical blocks: (3.90 GB/3.63 GiB)
Jun  6 20:16:34 node12 kernel: [361730.229587] sd 34:0:0:0: [sdg] Write Protect is off
Jun  6 20:16:34 node12 kernel: [361730.230587] sd 34:0:0:0: [sdg] Write cache: disabled, read cache: enabled, doesn't support DPO or FUA
Jun  6 20:16:34 node12 kernel: [361730.228470] sd 34:0:0:0: [sdg] 7626752 512-byte logical blocks: (3.90 GB/3.63 GiB)
Jun  6 20:16:34 node12 kernel: [361730.229587] sd 34:0:0:0: [sdg] Write Protect is off
Jun  6 20:16:34 node12 kernel: [361730.230587] sd 34:0:0:0: [sdg] Write cache: disabled, read cache: enabled, doesn't support DPO or FUA
Jun  6 20:16:34 node12 kernel: [361730.236212]  sdg: sdg1 < sdg5 >
Jun  6 20:16:34 node12 kernel: [361730.236212]  sdg: sdg1 < sdg5 >
Jun  6 20:16:34 node12 kernel: [361730.246331] sd 34:0:0:0: [sdg] Attached SCSI removable disk
Jun  6 20:16:34 node12 kernel: [361730.246331] sd 34:0:0:0: [sdg] Attached SCSI removable disk
Jun  6 20:17:01 node12 CRON[4885]: pam_unix(cron:session): session opened for user root by (uid=0)
Jun  6 20:17:01 node12 CRON[4885]: pam_unix(cron:session): session closed for user root
Jun  6 21:17:01 node12 CRON[7097]: pam_unix(cron:session): session opened for user root by (uid=0)
Jun  6 21:17:01 node12 CRON[7097]: pam_unix(cron:session): session closed for user root
Jun  6 21:45:33 node12 kernel: [367069.199491] usb 5-6: USB disconnect, device number 49
Jun  6 21:45:33 node12 kernel: [367069.199491] usb 5-6: USB disconnect, device number 49
Jun  6 21:45:35 node12 kernel: [367071.332528] usb 5-5: USB disconnect, device number 48
Jun  6 21:45:35 node12 kernel: [367071.332528] usb 5-5: USB disconnect, device number 48
Jun  6 21:45:40 node12 kernel: [367075.892044] usb 5-5: new high-speed USB device number 50 using ehci-pci
Jun  6 21:45:40 node12 kernel: [367075.892044] usb 5-5: new high-speed USB device number 50 using ehci-pci
Jun  6 21:45:40 node12 kernel: [367076.178883] usb 5-5: New USB device found, idVendor=8564, idProduct=1000
Jun  6 21:45:40 node12 kernel: [367076.178890] usb 5-5: New USB device strings: Mfr=1, Product=2, SerialNumber=3
Jun  6 21:45:40 node12 kernel: [367076.178894] usb 5-5: Product: Mass Storage Device
Jun  6 21:45:40 node12 kernel: [367076.178897] usb 5-5: Manufacturer: JetFlash
Jun  6 21:45:40 node12 kernel: [367076.178901] usb 5-5: SerialNumber: VILZQ275
Jun  6 21:45:40 node12 kernel: [367076.178883] usb 5-5: New USB device found, idVendor=8564, idProduct=1000
Jun  6 21:45:40 node12 kernel: [367076.178890] usb 5-5: New USB device strings: Mfr=1, Product=2, SerialNumber=3
Jun  6 21:45:40 node12 kernel: [367076.178894] usb 5-5: Product: Mass Storage Device
Jun  6 21:45:40 node12 kernel: [367076.178897] usb 5-5: Manufacturer: JetFlash
Jun  6 21:45:40 node12 kernel: [367076.178901] usb 5-5: SerialNumber: VILZQ275
Jun  6 21:45:40 node12 kernel: [367076.180652] usb-storage 5-5:1.0: USB Mass Storage device detected
Jun  6 21:45:40 node12 kernel: [367076.180839] scsi host35: usb-storage 5-5:1.0
Jun  6 21:45:40 node12 mtp-probe: checking bus 5, device 50: "/sys/devices/pci0000:00/0000:00:10.4/usb5/5-5"
Jun  6 21:45:40 node12 mtp-probe: bus: 5, device: 50 was not an MTP device
Jun  6 21:45:40 node12 kernel: [367076.180652] usb-storage 5-5:1.0: USB Mass Storage device detected
Jun  6 21:45:40 node12 kernel: [367076.180839] scsi host35: usb-storage 5-5:1.0
Jun  6 21:45:40 node12 mtp-probe: checking bus 5, device 50: "/sys/devices/pci0000:00/0000:00:10.4/usb5/5-5"
Jun  6 21:45:40 node12 mtp-probe: bus: 5, device: 50 was not an MTP device
Jun  6 21:45:41 node12 kernel: [367077.181799] scsi 35:0:0:0: Direct-Access     JetFlash Transcend 4GB    8.07 PQ: 0 ANSI: 4
Jun  6 21:45:41 node12 kernel: [367077.182257] sd 35:0:0:0: Attached scsi generic sg2 type 0
Jun  6 21:45:41 node12 kernel: [367077.181799] scsi 35:0:0:0: Direct-Access     JetFlash Transcend 4GB    8.07 PQ: 0 ANSI: 4
Jun  6 21:45:41 node12 kernel: [367077.182257] sd 35:0:0:0: Attached scsi generic sg2 type 0
Jun  6 21:45:41 node12 kernel: [367077.186405] sd 35:0:0:0: [sdb] 7626752 512-byte logical blocks: (3.90 GB/3.63 GiB)
Jun  6 21:45:41 node12 kernel: [367077.186405] sd 35:0:0:0: [sdb] 7626752 512-byte logical blocks: (3.90 GB/3.63 GiB)
Jun  6 21:45:41 node12 kernel: [367077.187519] sd 35:0:0:0: [sdb] Write Protect is off
Jun  6 21:45:41 node12 kernel: [367077.187519] sd 35:0:0:0: [sdb] Write Protect is off
Jun  6 21:45:41 node12 kernel: [367077.188651] sd 35:0:0:0: [sdb] Write cache: disabled, read cache: enabled, doesn't support DPO or FUA
Jun  6 21:45:41 node12 kernel: [367077.188651] sd 35:0:0:0: [sdb] Write cache: disabled, read cache: enabled, doesn't support DPO or FUA
Jun  6 21:45:41 node12 kernel: [367077.194272]  sdb: sdb1 < sdb5 >
Jun  6 21:45:41 node12 kernel: [367077.194272]  sdb: sdb1 < sdb5 >
Jun  6 21:45:41 node12 kernel: [367077.198401] sd 35:0:0:0: [sdb] Attached SCSI removable disk
Jun  6 21:45:41 node12 kernel: [367077.198401] sd 35:0:0:0: [sdb] Attached SCSI removable disk
Jun  6 21:45:42 node12 kernel: [367077.584044] usb 5-6: new high-speed USB device number 51 using ehci-pci
Jun  6 21:45:42 node12 kernel: [367077.584044] usb 5-6: new high-speed USB device number 51 using ehci-pci
Jun  6 21:45:42 node12 kernel: [367077.788101] usb 5-6: New USB device found, idVendor=8564, idProduct=1000
Jun  6 21:45:42 node12 kernel: [367077.788108] usb 5-6: New USB device strings: Mfr=1, Product=2, SerialNumber=3
Jun  6 21:45:42 node12 kernel: [367077.788112] usb 5-6: Product: Mass Storage Device
Jun  6 21:45:42 node12 kernel: [367077.788116] usb 5-6: Manufacturer: JetFlash
Jun  6 21:45:42 node12 kernel: [367077.788119] usb 5-6: SerialNumber: ICJ8NXLF
Jun  6 21:45:42 node12 kernel: [367077.788923] usb-storage 5-6:1.0: USB Mass Storage device detected
Jun  6 21:45:42 node12 kernel: [367077.789032] scsi host36: usb-storage 5-6:1.0
Jun  6 21:45:42 node12 mtp-probe: checking bus 5, device 51: "/sys/devices/pci0000:00/0000:00:10.4/usb5/5-6"
Jun  6 21:45:42 node12 kernel: [367077.788101] usb 5-6: New USB device found, idVendor=8564, idProduct=1000
Jun  6 21:45:42 node12 kernel: [367077.788108] usb 5-6: New USB device strings: Mfr=1, Product=2, SerialNumber=3
Jun  6 21:45:42 node12 kernel: [367077.788112] usb 5-6: Product: Mass Storage Device
Jun  6 21:45:42 node12 kernel: [367077.788116] usb 5-6: Manufacturer: JetFlash
Jun  6 21:45:42 node12 kernel: [367077.788119] usb 5-6: SerialNumber: ICJ8NXLF
Jun  6 21:45:42 node12 kernel: [367077.788923] usb-storage 5-6:1.0: USB Mass Storage device detected
Jun  6 21:45:42 node12 kernel: [367077.789032] scsi host36: usb-storage 5-6:1.0
Jun  6 21:45:42 node12 mtp-probe: checking bus 5, device 51: "/sys/devices/pci0000:00/0000:00:10.4/usb5/5-6"
Jun  6 21:45:42 node12 mtp-probe: bus: 5, device: 51 was not an MTP device
Jun  6 21:45:42 node12 mtp-probe: bus: 5, device: 51 was not an MTP device
Jun  6 21:45:43 node12 kernel: [367078.790012] scsi 36:0:0:0: Direct-Access     JetFlash Transcend 8GB    8.07 PQ: 0 ANSI: 2
Jun  6 21:45:43 node12 kernel: [367078.790331] sd 36:0:0:0: Attached scsi generic sg7 type 0
Jun  6 21:45:43 node12 kernel: [367078.790012] scsi 36:0:0:0: Direct-Access     JetFlash Transcend 8GB    8.07 PQ: 0 ANSI: 2
Jun  6 21:45:43 node12 kernel: [367078.790331] sd 36:0:0:0: Attached scsi generic sg7 type 0
Jun  6 21:45:43 node12 kernel: [367078.792866] sd 36:0:0:0: [sdg] 15704064 512-byte logical blocks: (8.04 GB/7.48 GiB)
Jun  6 21:45:43 node12 kernel: [367078.792866] sd 36:0:0:0: [sdg] 15704064 512-byte logical blocks: (8.04 GB/7.48 GiB)
Jun  6 21:45:43 node12 kernel: [367078.793486] sd 36:0:0:0: [sdg] Write Protect is off
Jun  6 21:45:43 node12 kernel: [367078.793486] sd 36:0:0:0: [sdg] Write Protect is off
Jun  6 21:45:43 node12 kernel: [367078.989191]  sdg: sdg1
Jun  6 21:45:43 node12 kernel: [367078.989191]  sdg: sdg1
Jun  6 21:45:43 node12 kernel: [367078.992651] sd 36:0:0:0: [sdg] Attached SCSI removable disk
Jun  6 21:45:43 node12 kernel: [367078.992651] sd 36:0:0:0: [sdg] Attached SCSI removable disk
Jun  6 21:54:22 node12 sudo:     user : TTY=pts/4 ; PWD=/home/user ; USER=root ; COMMAND=/bin/su
Jun  6 21:54:22 node12 sudo: pam_unix(sudo:session): session opened for user root by user(uid=0)
Jun  6 21:54:22 node12 su[8571]: Successful su for root by root
Jun  6 21:54:22 node12 su[8571]: + /dev/pts/4 root:root
Jun  6 21:54:22 node12 su[8571]: pam_unix(su:session): session opened for user root by user(uid=0)
Jun  6 21:54:24 node12 su[8571]: pam_unix(su:session): session closed for user root
Jun  6 21:54:24 node12 sudo: pam_unix(sudo:session): session closed for user root
Jun  6 22:00:39 node12 kernel: [367975.241659] usb 5-4: USB disconnect, device number 44
Jun  6 22:00:39 node12 kernel: [367975.243859] rndis_host 5-4:1.0 usb0: unregister 'rndis_host' usb-0000:00:10.4-4, RNDIS device
Jun  6 22:00:39 node12 kernel: [367975.241659] usb 5-4: USB disconnect, device number 44
Jun  6 22:00:39 node12 kernel: [367975.243859] rndis_host 5-4:1.0 usb0: unregister 'rndis_host' usb-0000:00:10.4-4, RNDIS device
Jun  6 22:00:41 node12 kernel: [367976.658738] usb 5-5: USB disconnect, device number 50
Jun  6 22:00:41 node12 kernel: [367976.658738] usb 5-5: USB disconnect, device number 50
Jun  6 22:00:42 node12 kernel: [367977.656621] usb 5-6: USB disconnect, device number 51
Jun  6 22:00:42 node12 kernel: [367977.656621] usb 5-6: USB disconnect, device number 51
Jun  6 22:01:17 node12 sudo:     user : TTY=pts/4 ; PWD=/home/user ; USER=root ; COMMAND=/usr/bin/tail -f /var/log/dmesg
Jun  6 22:01:17 node12 sudo: pam_unix(sudo:session): session opened for user root by user(uid=0)
Jun  6 22:01:23 node12 sudo:     user : TTY=pts/4 ; PWD=/home/user ; USER=root ; COMMAND=/bin/su
Jun  6 22:01:23 node12 sudo: pam_unix(sudo:session): session opened for user root by user(uid=0)
Jun  6 22:01:23 node12 su[8972]: Successful su for root by root
Jun  6 22:01:23 node12 su[8972]: + /dev/pts/4 root:root
Jun  6 22:01:23 node12 su[8972]: pam_unix(su:session): session opened for user root by user(uid=0)
Jun  6 22:01:26 node12 su[8972]: pam_unix(su:session): session closed for user root
Jun  6 22:01:26 node12 sudo: pam_unix(sudo:session): session closed for user root
Jun  6 22:01:33 node12 kernel: [368028.844016] usb 5-5: new high-speed USB device number 52 using ehci-pci
Jun  6 22:01:33 node12 kernel: [368028.844016] usb 5-5: new high-speed USB device number 52 using ehci-pci
Jun  6 22:01:33 node12 kernel: [368029.048076] usb 5-5: New USB device found, idVendor=8564, idProduct=1000
Jun  6 22:01:33 node12 kernel: [368029.048081] usb 5-5: New USB device strings: Mfr=1, Product=2, SerialNumber=3
Jun  6 22:01:33 node12 kernel: [368029.048084] usb 5-5: Product: Mass Storage Device
Jun  6 22:01:33 node12 kernel: [368029.048086] usb 5-5: Manufacturer: JetFlash
Jun  6 22:01:33 node12 kernel: [368029.048089] usb 5-5: SerialNumber: ICJ8NXLF
Jun  6 22:01:33 node12 kernel: [368029.048371] usb-storage 5-5:1.0: USB Mass Storage device detected
Jun  6 22:01:33 node12 kernel: [368029.049354] scsi host37: usb-storage 5-5:1.0
Jun  6 22:01:33 node12 kernel: [368029.048076] usb 5-5: New USB device found, idVendor=8564, idProduct=1000
Jun  6 22:01:33 node12 kernel: [368029.048081] usb 5-5: New USB device strings: Mfr=1, Product=2, SerialNumber=3
Jun  6 22:01:33 node12 kernel: [368029.048084] usb 5-5: Product: Mass Storage Device
Jun  6 22:01:33 node12 kernel: [368029.048086] usb 5-5: Manufacturer: JetFlash
Jun  6 22:01:33 node12 kernel: [368029.048089] usb 5-5: SerialNumber: ICJ8NXLF
Jun  6 22:01:33 node12 kernel: [368029.048371] usb-storage 5-5:1.0: USB Mass Storage device detected
Jun  6 22:01:33 node12 kernel: [368029.049354] scsi host37: usb-storage 5-5:1.0
Jun  6 22:01:33 node12 mtp-probe: checking bus 5, device 52: "/sys/devices/pci0000:00/0000:00:10.4/usb5/5-5"
Jun  6 22:01:33 node12 mtp-probe: checking bus 5, device 52: "/sys/devices/pci0000:00/0000:00:10.4/usb5/5-5"
Jun  6 22:01:33 node12 mtp-probe: bus: 5, device: 52 was not an MTP device
Jun  6 22:01:33 node12 mtp-probe: bus: 5, device: 52 was not an MTP device
Jun  6 22:01:34 node12 kernel: [368030.049855] scsi 37:0:0:0: Direct-Access     JetFlash Transcend 8GB    8.07 PQ: 0 ANSI: 2
Jun  6 22:01:34 node12 kernel: [368030.051724] sd 37:0:0:0: Attached scsi generic sg2 type 0
Jun  6 22:01:34 node12 kernel: [368030.049855] scsi 37:0:0:0: Direct-Access     JetFlash Transcend 8GB    8.07 PQ: 0 ANSI: 2
Jun  6 22:01:34 node12 kernel: [368030.051724] sd 37:0:0:0: Attached scsi generic sg2 type 0
Jun  6 22:01:34 node12 kernel: [368030.053732] sd 37:0:0:0: [sdb] 15704064 512-byte logical blocks: (8.04 GB/7.48 GiB)
Jun  6 22:01:34 node12 kernel: [368030.053732] sd 37:0:0:0: [sdb] 15704064 512-byte logical blocks: (8.04 GB/7.48 GiB)
Jun  6 22:01:34 node12 kernel: [368030.054349] sd 37:0:0:0: [sdb] Write Protect is off
Jun  6 22:01:34 node12 kernel: [368030.054349] sd 37:0:0:0: [sdb] Write Protect is off
Jun  6 22:01:34 node12 kernel: [368030.250537]  sdb: sdb1
Jun  6 22:01:34 node12 kernel: [368030.250537]  sdb: sdb1
Jun  6 22:01:34 node12 kernel: [368030.253125] sd 37:0:0:0: [sdb] Attached SCSI removable disk
Jun  6 22:01:34 node12 kernel: [368030.253125] sd 37:0:0:0: [sdb] Attached SCSI removable disk
Jun  6 22:01:36 node12 kernel: [368032.060016] usb 5-6: new high-speed USB device number 53 using ehci-pci
Jun  6 22:01:36 node12 kernel: [368032.060016] usb 5-6: new high-speed USB device number 53 using ehci-pci
Jun  6 22:01:37 node12 kernel: [368032.490915] usb 5-6: New USB device found, idVendor=8564, idProduct=1000
Jun  6 22:01:37 node12 kernel: [368032.490919] usb 5-6: New USB device strings: Mfr=1, Product=2, SerialNumber=3
Jun  6 22:01:37 node12 kernel: [368032.490922] usb 5-6: Product: Mass Storage Device
Jun  6 22:01:37 node12 kernel: [368032.490924] usb 5-6: Manufacturer: JetFlash
Jun  6 22:01:37 node12 kernel: [368032.490927] usb 5-6: SerialNumber: VILZQ275
Jun  6 22:01:37 node12 kernel: [368032.491212] usb-storage 5-6:1.0: USB Mass Storage device detected
Jun  6 22:01:37 node12 kernel: [368032.491614] scsi host38: usb-storage 5-6:1.0
Jun  6 22:01:37 node12 kernel: [368032.490915] usb 5-6: New USB device found, idVendor=8564, idProduct=1000
Jun  6 22:01:37 node12 kernel: [368032.490919] usb 5-6: New USB device strings: Mfr=1, Product=2, SerialNumber=3
Jun  6 22:01:37 node12 kernel: [368032.490922] usb 5-6: Product: Mass Storage Device
Jun  6 22:01:37 node12 kernel: [368032.490924] usb 5-6: Manufacturer: JetFlash
Jun  6 22:01:37 node12 kernel: [368032.490927] usb 5-6: SerialNumber: VILZQ275
Jun  6 22:01:37 node12 kernel: [368032.491212] usb-storage 5-6:1.0: USB Mass Storage device detected
Jun  6 22:01:37 node12 kernel: [368032.491614] scsi host38: usb-storage 5-6:1.0
Jun  6 22:01:37 node12 mtp-probe: checking bus 5, device 53: "/sys/devices/pci0000:00/0000:00:10.4/usb5/5-6"
Jun  6 22:01:37 node12 mtp-probe: checking bus 5, device 53: "/sys/devices/pci0000:00/0000:00:10.4/usb5/5-6"
Jun  6 22:01:37 node12 mtp-probe: bus: 5, device: 53 was not an MTP device
Jun  6 22:01:37 node12 mtp-probe: bus: 5, device: 53 was not an MTP device
Jun  6 22:01:38 node12 kernel: [368033.489692] scsi 38:0:0:0: Direct-Access     JetFlash Transcend 4GB    8.07 PQ: 0 ANSI: 4
Jun  6 22:01:38 node12 kernel: [368033.490021] sd 38:0:0:0: Attached scsi generic sg7 type 0
Jun  6 22:01:38 node12 kernel: [368033.489692] scsi 38:0:0:0: Direct-Access     JetFlash Transcend 4GB    8.07 PQ: 0 ANSI: 4
Jun  6 22:01:38 node12 kernel: [368033.490021] sd 38:0:0:0: Attached scsi generic sg7 type 0
Jun  6 22:01:38 node12 kernel: [368033.492388] sd 38:0:0:0: [sdg] 7626752 512-byte logical blocks: (3.90 GB/3.63 GiB)
Jun  6 22:01:38 node12 kernel: [368033.493431] sd 38:0:0:0: [sdg] Write Protect is off
Jun  6 22:01:38 node12 kernel: [368033.494553] sd 38:0:0:0: [sdg] Write cache: disabled, read cache: enabled, doesn't support DPO or FUA
Jun  6 22:01:38 node12 kernel: [368033.492388] sd 38:0:0:0: [sdg] 7626752 512-byte logical blocks: (3.90 GB/3.63 GiB)
Jun  6 22:01:38 node12 kernel: [368033.493431] sd 38:0:0:0: [sdg] Write Protect is off
Jun  6 22:01:38 node12 kernel: [368033.494553] sd 38:0:0:0: [sdg] Write cache: disabled, read cache: enabled, doesn't support DPO or FUA
Jun  6 22:01:38 node12 kernel: [368033.500318]  sdg: sdg1 < sdg5 >
Jun  6 22:01:38 node12 kernel: [368033.500318]  sdg: sdg1 < sdg5 >
Jun  6 22:01:38 node12 kernel: [368033.504061] sd 38:0:0:0: [sdg] Attached SCSI removable disk
Jun  6 22:01:38 node12 kernel: [368033.504061] sd 38:0:0:0: [sdg] Attached SCSI removable disk
Jun  6 22:01:39 node12 kernel: [368035.356076] usb 5-6: USB disconnect, device number 53
Jun  6 22:01:39 node12 kernel: [368035.356076] usb 5-6: USB disconnect, device number 53
Jun  6 22:01:41 node12 kernel: [368036.588240] usb 5-5: USB disconnect, device number 52
Jun  6 22:01:41 node12 kernel: [368036.588240] usb 5-5: USB disconnect, device number 52
Jun  6 22:17:01 node12 CRON[9463]: pam_unix(cron:session): session opened for user root by (uid=0)
Jun  6 22:17:01 node12 CRON[9463]: pam_unix(cron:session): session closed for user root
Jun  6 23:17:01 node12 CRON[11070]: pam_unix(cron:session): session opened for user root by (uid=0)
Jun  6 23:17:01 node12 CRON[11070]: pam_unix(cron:session): session closed for user root
Jun  7 00:17:01 node12 CRON[12674]: pam_unix(cron:session): session opened for user root by (uid=0)
Jun  7 00:17:01 node12 CRON[12674]: pam_unix(cron:session): session closed for user root
Jun  7 01:17:01 node12 CRON[14281]: pam_unix(cron:session): session opened for user root by (uid=0)
Jun  7 01:17:01 node12 CRON[14281]: pam_unix(cron:session): session closed for user root
Jun  7 02:17:01 node12 CRON[15892]: pam_unix(cron:session): session opened for user root by (uid=0)
Jun  7 02:17:01 node12 CRON[15892]: pam_unix(cron:session): session closed for user root
Jun  7 03:17:01 node12 CRON[17501]: pam_unix(cron:session): session opened for user root by (uid=0)
Jun  7 03:17:01 node12 CRON[17501]: pam_unix(cron:session): session closed for user root
Jun  7 04:17:01 node12 CRON[19110]: pam_unix(cron:session): session opened for user root by (uid=0)
Jun  7 04:17:01 node12 CRON[19110]: pam_unix(cron:session): session closed for user root
Jun  7 05:17:01 node12 CRON[20703]: pam_unix(cron:session): session opened for user root by (uid=0)
Jun  7 05:17:01 node12 CRON[20703]: pam_unix(cron:session): session closed for user root
Jun  7 06:17:01 node12 CRON[22317]: pam_unix(cron:session): session opened for user root by (uid=0)
Jun  7 06:17:01 node12 CRON[22317]: pam_unix(cron:session): session closed for user root
Jun  7 06:25:01 node12 CRON[22506]: pam_unix(cron:session): session opened for user root by (uid=0)
Jun  7 06:25:01 node12 CRON[22506]: pam_unix(cron:session): session closed for user root
Jun  7 06:47:01 node12 CRON[23125]: pam_unix(cron:session): session opened for user root by (uid=0)
Jun  7 06:47:01 node12 CRON[23125]: pam_unix(cron:session): session closed for user root
Jun  7 07:17:01 node12 CRON[23929]: pam_unix(cron:session): session opened for user root by (uid=0)
Jun  7 07:17:01 node12 CRON[23929]: pam_unix(cron:session): session closed for user root
Jun  7 07:30:01 node12 CRON[24274]: pam_unix(cron:session): session opened for user root by (uid=0)
Jun  7 07:30:01 node12 CRON[24274]: pam_unix(cron:session): session closed for user root
Jun  7 07:35:06 node12 rsyslogd: [origin software="rsyslogd" swVersion="5.8.11" x-pid="1951" x-info="http://www.rsyslog.com"] rsyslogd was HUPed
Jun  7 07:35:06 node12 rsyslogd: [origin software="rsyslogd" swVersion="5.8.11" x-pid="1951" x-info="http://www.rsyslog.com"] rsyslogd was HUPed
